0 info it worked if it ends with ok
1 verbose cli [ 'node', '/usr/local/bin/npm', 'publish' ]
2 info using npm@1.1.33
3 info using node@v0.8.1
4 verbose config file /Users/louis/.npmrc
5 verbose config file /usr/local/etc/npmrc
6 verbose config file /usr/local/lib/node_modules/npm/npmrc
7 verbose publish [ '.' ]
8 verbose read json /Users/louis/Sites/node-i18n/package.json
9 verbose cache add [ '.', null ]
10 silly cache add name=undefined spec="." args=[".",null]
11 verbose parsed url { pathname: '.', path: '.', href: '.' }
12 verbose lock . /Users/louis/.npm/3a52ce780950d4d969792a2559cd519d7ee8c727--.lock
13 verbose read json package.json
14 verbose tar pack [ '/var/folders/qr/ycx1xvpj0z3gf27s8ghnhh4m0000gn/T/npm-53285/1347531801978-0.8272503935731947/tmp.tgz',
14 verbose tar pack   '.' ]
15 verbose tarball /var/folders/qr/ycx1xvpj0z3gf27s8ghnhh4m0000gn/T/npm-53285/1347531801978-0.8272503935731947/tmp.tgz
16 verbose folder .
17 info prepublish node-i18n@0.0.1
18 verbose tar unpack /var/folders/qr/ycx1xvpj0z3gf27s8ghnhh4m0000gn/T/npm-53285/1347531801978-0.8272503935731947/tmp.tgz
19 silly gunzTarPerm modes [ '755', '644' ]
20 silly gunzTarPerm extractEntry package.json
21 silly gunzTarPerm extractEntry .npmignore
22 silly gunzTarPerm extractEntry README.md
23 silly gunzTarPerm extractEntry index.js
24 silly gunzTarPerm extractEntry lib/node-i18n.js
25 silly gunzTarPerm extractEntry test/constants.js
26 silly gunzTarPerm extractEntry test/fixtures/en.json
27 silly gunzTarPerm extractEntry test/fixtures/fr.json
28 verbose read json /var/folders/qr/ycx1xvpj0z3gf27s8ghnhh4m0000gn/T/npm-53285/1347531801978-0.8272503935731947/package/package.json
29 verbose from cache /var/folders/qr/ycx1xvpj0z3gf27s8ghnhh4m0000gn/T/npm-53285/1347531801978-0.8272503935731947/package/package.json
30 verbose tar pack [ '/Users/louis/.npm/node-i18n/0.0.1/package.tgz',
30 verbose tar pack   '/var/folders/qr/ycx1xvpj0z3gf27s8ghnhh4m0000gn/T/npm-53285/1347531801978-0.8272503935731947/package' ]
31 verbose tarball /Users/louis/.npm/node-i18n/0.0.1/package.tgz
32 verbose folder /var/folders/qr/ycx1xvpj0z3gf27s8ghnhh4m0000gn/T/npm-53285/1347531801978-0.8272503935731947/package
33 verbose tar unpack /Users/louis/.npm/node-i18n/0.0.1/package.tgz
34 silly gunzTarPerm modes [ '755', '644' ]
35 silly gunzTarPerm extractEntry package.json
36 silly gunzTarPerm extractEntry .npmignore
37 silly gunzTarPerm extractEntry README.md
38 silly gunzTarPerm extractEntry index.js
39 silly gunzTarPerm extractEntry lib/node-i18n.js
40 silly gunzTarPerm extractEntry test/constants.js
41 silly gunzTarPerm extractEntry test/fixtures/en.json
42 silly gunzTarPerm extractEntry test/fixtures/fr.json
43 verbose read json /Users/louis/.npm/node-i18n/0.0.1/package/package.json
44 silly shasum updated bytes 1321
45 info shasum b9781f268bf542a5c859ef927f46bf4ad79ba00c
45 info shasum /Users/louis/.npm/node-i18n/0.0.1/package.tgz
46 verbose from cache /Users/louis/.npm/node-i18n/0.0.1/package/package.json
47 verbose chmod /Users/louis/.npm/node-i18n/0.0.1/package.tgz 644
48 verbose chown /Users/louis/.npm/node-i18n/0.0.1/package.tgz [ 501, 20 ]
49 silly publish { name: 'node-i18n',
49 silly publish   description: 'i18n for node',
49 silly publish   main: './index',
49 silly publish   author: { name: 'Larafale & Gui' },
49 silly publish   version: '0.0.1',
49 silly publish   repository: { type: 'git', url: 'http://github.com/larafale/node-i18n.git' },
49 silly publish   devDependencies: { vows: '>=0.6.4' },
49 silly publish   scripts: { test: 'vows test/*.js --spec' },
49 silly publish   readme: 'node-i18n\n=========\n\ni18n for node with deep level objects\n\nmodule developers\n=================\n\ntype \'npm test\' to launch vows',
49 silly publish   _id: 'node-i18n@0.0.1',
49 silly publish   dist: { shasum: 'b9781f268bf542a5c859ef927f46bf4ad79ba00c' } }
50 verbose url raw node-i18n
51 verbose url resolving [ 'https://registry.npmjs.org/', './node-i18n' ]
52 verbose url resolved https://registry.npmjs.org/node-i18n
53 info retry registry request attempt 1 at 12:23:22
54 http PUT https://registry.npmjs.org/node-i18n
55 http 409 https://registry.npmjs.org/node-i18n
56 verbose url raw node-i18n
57 verbose url resolving [ 'https://registry.npmjs.org/', './node-i18n' ]
58 verbose url resolved https://registry.npmjs.org/node-i18n
59 info retry registry request attempt 1 at 12:23:23
60 http GET https://registry.npmjs.org/node-i18n
61 http 200 https://registry.npmjs.org/node-i18n
62 error publish fail Cannot publish over existing version.
62 error publish fail Bump the 'version' field, set the --force flag, or
62 error publish fail     npm unpublish 'node-i18n@0.0.1'
62 error publish fail and try again
63 error System Darwin 11.4.0
64 error command "node" "/usr/local/bin/npm" "publish"
65 error cwd /Users/louis/Sites/node-i18n
66 error node -v v0.8.1
67 error npm -v 1.1.33
68 error code EPUBLISHCONFLICT
69 error message publish fail
70 verbose exit [ 1, true ]
